  Screen.cpp
C:\Users\jatha\Repos\Astrobots-3118C\ScreenConfigDev\ScreenConfigDev\Box.h(15,49): warning C4244: 'argument': conversion from 'int' to 'T', possible loss of data
          with
          [
              T=float
          ]
C:\Users\jatha\Repos\Astrobots-3118C\ScreenConfigDev\ScreenConfigDev\Box.h(15,40): warning C4244: 'argument': conversion from 'int' to 'T', possible loss of data
          with
          [
              T=float
          ]
C:\Users\jatha\Repos\Astrobots-3118C\ScreenConfigDev\ScreenConfigDev\Box.h(16,25): warning C4244: 'argument': conversion from 'int' to 'float', possible loss of data
C:\Users\jatha\Repos\Astrobots-3118C\ScreenConfigDev\ScreenConfigDev\Box.h(16,20): warning C4244: 'argument': conversion from 'int' to 'float', possible loss of data
C:\Users\jatha\Repos\Astrobots-3118C\ScreenConfigDev\ScreenConfigDev\Circle.h(15,24): warning C4244: 'argument': conversion from 'int' to 'float', possible loss of data
C:\Users\jatha\Repos\Astrobots-3118C\ScreenConfigDev\ScreenConfigDev\Circle.h(16,38): warning C4244: 'argument': conversion from 'int' to 'float', possible loss of data
C:\Users\jatha\Repos\Astrobots-3118C\ScreenConfigDev\ScreenConfigDev\Circle.h(16,23): warning C4244: 'argument': conversion from 'int' to 'float', possible loss of data
C:\Users\jatha\Repos\Astrobots-3118C\ScreenConfigDev\ScreenConfigDev\Text.h(20,25): warning C4244: 'argument': conversion from 'int' to 'float', possible loss of data
C:\Users\jatha\Repos\Astrobots-3118C\ScreenConfigDev\ScreenConfigDev\Text.h(20,20): warning C4244: 'argument': conversion from 'int' to 'float', possible loss of data
C:\Program Files\Microsoft Visual Studio\2022\Community\VC\Tools\MSVC\14.33.31629\include\xutility(238,77): warning C4244: 'argument': conversion from 'int64_t' to 'uint32_t', possible loss of data
C:\Program Files\Microsoft Visual Studio\2022\Community\VC\Tools\MSVC\14.33.31629\include\memory(2022): message : see reference to function template instantiation 'void std::_Construct_in_place<_Ty,int&,int&,int&,int&,int64_t&>(_Ty &,int &,int &,int &,int &,int64_t &) noexcept(false)' being compiled
          with
          [
              _Ty=Box
          ]
C:\Program Files\Microsoft Visual Studio\2022\Community\VC\Tools\MSVC\14.33.31629\include\memory(2741): message : see reference to function template instantiation 'std::_Ref_count_obj2<Box>::_Ref_count_obj2<int&,int&,int&,int&,int64_t&>(int &,int &,int &,int &,int64_t &)' being compiled
C:\Program Files\Microsoft Visual Studio\2022\Community\VC\Tools\MSVC\14.33.31629\include\memory(2742): message : see reference to function template instantiation 'std::_Ref_count_obj2<Box>::_Ref_count_obj2<int&,int&,int&,int&,int64_t&>(int &,int &,int &,int &,int64_t &)' being compiled
C:\Users\jatha\Repos\Astrobots-3118C\ScreenConfigDev\ScreenConfigDev\Screen.h(57): message : see reference to function template instantiation 'std::shared_ptr<Box> std::make_shared<Box,int&,int&,int&,int&,int64_t&>(int &,int &,int &,int &,int64_t &)' being compiled
  main.cpp
C:\Users\jatha\Repos\Astrobots-3118C\ScreenConfigDev\ScreenConfigDev\Box.h(15,49): warning C4244: 'argument': conversion from 'int' to 'T', possible loss of data
          with
          [
              T=float
          ]
C:\Users\jatha\Repos\Astrobots-3118C\ScreenConfigDev\ScreenConfigDev\Box.h(15,40): warning C4244: 'argument': conversion from 'int' to 'T', possible loss of data
          with
          [
              T=float
          ]
C:\Users\jatha\Repos\Astrobots-3118C\ScreenConfigDev\ScreenConfigDev\Box.h(16,25): warning C4244: 'argument': conversion from 'int' to 'float', possible loss of data
C:\Users\jatha\Repos\Astrobots-3118C\ScreenConfigDev\ScreenConfigDev\Box.h(16,20): warning C4244: 'argument': conversion from 'int' to 'float', possible loss of data
C:\Users\jatha\Repos\Astrobots-3118C\ScreenConfigDev\ScreenConfigDev\Circle.h(15,24): warning C4244: 'argument': conversion from 'int' to 'float', possible loss of data
C:\Users\jatha\Repos\Astrobots-3118C\ScreenConfigDev\ScreenConfigDev\Circle.h(16,38): warning C4244: 'argument': conversion from 'int' to 'float', possible loss of data
C:\Users\jatha\Repos\Astrobots-3118C\ScreenConfigDev\ScreenConfigDev\Circle.h(16,23): warning C4244: 'argument': conversion from 'int' to 'float', possible loss of data
C:\Users\jatha\Repos\Astrobots-3118C\ScreenConfigDev\ScreenConfigDev\Text.h(20,25): warning C4244: 'argument': conversion from 'int' to 'float', possible loss of data
C:\Users\jatha\Repos\Astrobots-3118C\ScreenConfigDev\ScreenConfigDev\Text.h(20,20): warning C4244: 'argument': conversion from 'int' to 'float', possible loss of data
C:\Program Files\Microsoft Visual Studio\2022\Community\VC\Tools\MSVC\14.33.31629\include\xutility(238,77): warning C4244: 'argument': conversion from 'int64_t' to 'uint32_t', possible loss of data
C:\Program Files\Microsoft Visual Studio\2022\Community\VC\Tools\MSVC\14.33.31629\include\memory(2022): message : see reference to function template instantiation 'void std::_Construct_in_place<_Ty,int&,int&,int&,int&,int64_t&>(_Ty &,int &,int &,int &,int &,int64_t &) noexcept(false)' being compiled
          with
          [
              _Ty=Box
          ]
C:\Program Files\Microsoft Visual Studio\2022\Community\VC\Tools\MSVC\14.33.31629\include\memory(2741): message : see reference to function template instantiation 'std::_Ref_count_obj2<Box>::_Ref_count_obj2<int&,int&,int&,int&,int64_t&>(int &,int &,int &,int &,int64_t &)' being compiled
C:\Program Files\Microsoft Visual Studio\2022\Community\VC\Tools\MSVC\14.33.31629\include\memory(2742): message : see reference to function template instantiation 'std::_Ref_count_obj2<Box>::_Ref_count_obj2<int&,int&,int&,int&,int64_t&>(int &,int &,int &,int &,int64_t &)' being compiled
C:\Users\jatha\Repos\Astrobots-3118C\ScreenConfigDev\ScreenConfigDev\Screen.h(57): message : see reference to function template instantiation 'std::shared_ptr<Box> std::make_shared<Box,int&,int&,int&,int&,int64_t&>(int &,int &,int &,int &,int64_t &)' being compiled
  Generating Code...
  ScreenConfigDev.vcxproj -> C:\Users\jatha\Repos\Astrobots-3118C\ScreenConfigDev\x64\Debug\ScreenConfigDev.exe
