  Screen.cpp
C:\Users\jatha\Repos\Astrobots-3118C\Shades\ShadesDev\ShadesDev\Box.h(50,14): warning C4244: '=': conversion from 'int64_t' to 'uint32_t', possible loss of data
C:\Users\jatha\Repos\Astrobots-3118C\Shades\ShadesDev\ShadesDev\Box.h(55,50): warning C4244: 'argument': conversion from 'int' to 'T', possible loss of data
          with
          [
              T=float
          ]
C:\Users\jatha\Repos\Astrobots-3118C\Shades\ShadesDev\ShadesDev\Box.h(55,41): warning C4244: 'argument': conversion from 'int' to 'T', possible loss of data
          with
          [
              T=float
          ]
C:\Users\jatha\Repos\Astrobots-3118C\Shades\ShadesDev\ShadesDev\Box.h(56,26): warning C4244: 'argument': conversion from 'int' to 'float', possible loss of data
C:\Users\jatha\Repos\Astrobots-3118C\Shades\ShadesDev\ShadesDev\Box.h(56,21): warning C4244: 'argument': conversion from 'int' to 'float', possible loss of data
C:\Users\jatha\Repos\Astrobots-3118C\Shades\ShadesDev\ShadesDev\Circle.h(46,14): warning C4244: '=': conversion from 'int64_t' to 'uint32_t', possible loss of data
C:\Users\jatha\Repos\Astrobots-3118C\Shades\ShadesDev\ShadesDev\Circle.h(50,25): warning C4244: 'argument': conversion from 'int' to 'float', possible loss of data
C:\Users\jatha\Repos\Astrobots-3118C\Shades\ShadesDev\ShadesDev\Circle.h(51,41): warning C4244: 'argument': conversion from 'int' to 'float', possible loss of data
C:\Users\jatha\Repos\Astrobots-3118C\Shades\ShadesDev\ShadesDev\Circle.h(51,25): warning C4244: 'argument': conversion from 'int' to 'float', possible loss of data
C:\Users\jatha\Repos\Astrobots-3118C\Shades\ShadesDev\ShadesDev\Image.h(28,14): warning C4101: 'size': unreferenced local variable
C:\Users\jatha\Repos\Astrobots-3118C\Shades\ShadesDev\ShadesDev\Image.h(30,12): warning C4101: 'color': unreferenced local variable
C:\Users\jatha\Repos\Astrobots-3118C\Shades\ShadesDev\ShadesDev\Image.h(64,30): warning C4244: 'argument': conversion from 'int' to 'float', possible loss of data
C:\Users\jatha\Repos\Astrobots-3118C\Shades\ShadesDev\ShadesDev\Image.h(64,25): warning C4244: 'argument': conversion from 'int' to 'float', possible loss of data
C:\Users\jatha\Repos\Astrobots-3118C\Shades\ShadesDev\ShadesDev\Text.h(57,14): warning C4244: '=': conversion from 'int64_t' to 'uint32_t', possible loss of data
C:\Users\jatha\Repos\Astrobots-3118C\Shades\ShadesDev\ShadesDev\Text.h(64,26): warning C4244: 'argument': conversion from 'int' to 'float', possible loss of data
C:\Users\jatha\Repos\Astrobots-3118C\Shades\ShadesDev\ShadesDev\Text.h(64,21): warning C4244: 'argument': conversion from 'int' to 'float', possible loss of data
C:\Users\jatha\Repos\Astrobots-3118C\Shades\ShadesDev\ShadesDev\SmartText.h(71,14): warning C4244: '=': conversion from 'int64_t' to 'uint32_t', possible loss of data
C:\Users\jatha\Repos\Astrobots-3118C\Shades\ShadesDev\ShadesDev\SmartText.h(86,26): warning C4244: 'argument': conversion from 'int' to 'float', possible loss of data
C:\Users\jatha\Repos\Astrobots-3118C\Shades\ShadesDev\ShadesDev\SmartText.h(86,21): warning C4244: 'argument': conversion from 'int' to 'float', possible loss of data
  main.cpp
C:\Users\jatha\Repos\Astrobots-3118C\Shades\ShadesDev\ShadesDev\Box.h(50,14): warning C4244: '=': conversion from 'int64_t' to 'uint32_t', possible loss of data
C:\Users\jatha\Repos\Astrobots-3118C\Shades\ShadesDev\ShadesDev\Box.h(55,50): warning C4244: 'argument': conversion from 'int' to 'T', possible loss of data
          with
          [
              T=float
          ]
C:\Users\jatha\Repos\Astrobots-3118C\Shades\ShadesDev\ShadesDev\Box.h(55,41): warning C4244: 'argument': conversion from 'int' to 'T', possible loss of data
          with
          [
              T=float
          ]
C:\Users\jatha\Repos\Astrobots-3118C\Shades\ShadesDev\ShadesDev\Box.h(56,26): warning C4244: 'argument': conversion from 'int' to 'float', possible loss of data
C:\Users\jatha\Repos\Astrobots-3118C\Shades\ShadesDev\ShadesDev\Box.h(56,21): warning C4244: 'argument': conversion from 'int' to 'float', possible loss of data
C:\Users\jatha\Repos\Astrobots-3118C\Shades\ShadesDev\ShadesDev\Circle.h(46,14): warning C4244: '=': conversion from 'int64_t' to 'uint32_t', possible loss of data
C:\Users\jatha\Repos\Astrobots-3118C\Shades\ShadesDev\ShadesDev\Circle.h(50,25): warning C4244: 'argument': conversion from 'int' to 'float', possible loss of data
C:\Users\jatha\Repos\Astrobots-3118C\Shades\ShadesDev\ShadesDev\Circle.h(51,41): warning C4244: 'argument': conversion from 'int' to 'float', possible loss of data
C:\Users\jatha\Repos\Astrobots-3118C\Shades\ShadesDev\ShadesDev\Circle.h(51,25): warning C4244: 'argument': conversion from 'int' to 'float', possible loss of data
C:\Users\jatha\Repos\Astrobots-3118C\Shades\ShadesDev\ShadesDev\Image.h(28,14): warning C4101: 'size': unreferenced local variable
C:\Users\jatha\Repos\Astrobots-3118C\Shades\ShadesDev\ShadesDev\Image.h(30,12): warning C4101: 'color': unreferenced local variable
C:\Users\jatha\Repos\Astrobots-3118C\Shades\ShadesDev\ShadesDev\Image.h(64,30): warning C4244: 'argument': conversion from 'int' to 'float', possible loss of data
C:\Users\jatha\Repos\Astrobots-3118C\Shades\ShadesDev\ShadesDev\Image.h(64,25): warning C4244: 'argument': conversion from 'int' to 'float', possible loss of data
C:\Users\jatha\Repos\Astrobots-3118C\Shades\ShadesDev\ShadesDev\Text.h(57,14): warning C4244: '=': conversion from 'int64_t' to 'uint32_t', possible loss of data
C:\Users\jatha\Repos\Astrobots-3118C\Shades\ShadesDev\ShadesDev\Text.h(64,26): warning C4244: 'argument': conversion from 'int' to 'float', possible loss of data
C:\Users\jatha\Repos\Astrobots-3118C\Shades\ShadesDev\ShadesDev\Text.h(64,21): warning C4244: 'argument': conversion from 'int' to 'float', possible loss of data
C:\Users\jatha\Repos\Astrobots-3118C\Shades\ShadesDev\ShadesDev\SmartText.h(71,14): warning C4244: '=': conversion from 'int64_t' to 'uint32_t', possible loss of data
C:\Users\jatha\Repos\Astrobots-3118C\Shades\ShadesDev\ShadesDev\SmartText.h(86,26): warning C4244: 'argument': conversion from 'int' to 'float', possible loss of data
C:\Users\jatha\Repos\Astrobots-3118C\Shades\ShadesDev\ShadesDev\SmartText.h(86,21): warning C4244: 'argument': conversion from 'int' to 'float', possible loss of data
  Generating code
  0 of 1085 functions ( 0.0%) were compiled, the rest were copied from previous compilation.
    0 functions were new in current compilation
    0 functions had inline decision re-evaluated but remain unchanged
  Finished generating code
  ShadesDev.vcxproj -> C:\Users\jatha\Repos\Astrobots-3118C\Shades\ShadesDev\x64\Release\ShadesDev.exe
